Determining if the pthread_create exist failed with the following output:
Change Dir: /home/fitocuan/essex_ws/build/CMakeFiles/CMakeTmp

Run Build Command:"/usr/bin/make" "cmTC_31650/fast"
/usr/bin/make -f CMakeFiles/cmTC_31650.dir/build.make CMakeFiles/cmTC_31650.dir/build
make[1]: Entering directory '/home/fitocuan/essex_ws/build/CMakeFiles/CMakeTmp'
Building C object CMakeFiles/cmTC_31650.dir/CheckSymbolExists.c.o
/usr/bin/cc     -o CMakeFiles/cmTC_31650.dir/CheckSymbolExists.c.o   -c /home/fitocuan/essex_ws/build/CMakeFiles/CMakeTmp/CheckSymbolExists.c
Linking C executable cmTC_31650
/usr/bin/cmake -E cmake_link_script CMakeFiles/cmTC_31650.dir/link.txt --verbose=1
/usr/bin/cc       CMakeFiles/cmTC_31650.dir/CheckSymbolExists.c.o  -o cmTC_31650 -rdynamic 
CMakeFiles/cmTC_31650.dir/CheckSymbolExists.c.o: In function `main':
CheckSymbolExists.c:(.text+0x16): undefined reference to `pthread_create'
collect2: error: ld returned 1 exit status
CMakeFiles/cmTC_31650.dir/build.make:97: recipe for target 'cmTC_31650' failed
make[1]: *** [cmTC_31650] Error 1
make[1]: Leaving directory '/home/fitocuan/essex_ws/build/CMakeFiles/CMakeTmp'
Makefile:126: recipe for target 'cmTC_31650/fast' failed
make: *** [cmTC_31650/fast] Error 2

File /home/fitocuan/essex_ws/build/CMakeFiles/CMakeTmp/CheckSymbolExists.c:
/* */
#include <pthread.h>

int main(int argc, char** argv)
{
  (void)argv;
#ifndef pthread_create
  return ((int*)(&pthread_create))[argc];
#else
  (void)argc;
  return 0;
#endif
}

Determining if the function pthread_create exists in the pthreads failed with the following output:
Change Dir: /home/fitocuan/essex_ws/build/CMakeFiles/CMakeTmp

Run Build Command:"/usr/bin/make" "cmTC_6070f/fast"
/usr/bin/make -f CMakeFiles/cmTC_6070f.dir/build.make CMakeFiles/cmTC_6070f.dir/build
make[1]: Entering directory '/home/fitocuan/essex_ws/build/CMakeFiles/CMakeTmp'
Building C object CMakeFiles/cmTC_6070f.dir/CheckFunctionExists.c.o
/usr/bin/cc    -DCHECK_FUNCTION_EXISTS=pthread_create   -o CMakeFiles/cmTC_6070f.dir/CheckFunctionExists.c.o   -c /usr/share/cmake-3.5/Modules/CheckFunctionExists.c
Linking C executable cmTC_6070f
/usr/bin/cmake -E cmake_link_script CMakeFiles/cmTC_6070f.dir/link.txt --verbose=1
/usr/bin/cc   -DCHECK_FUNCTION_EXISTS=pthread_create    CMakeFiles/cmTC_6070f.dir/CheckFunctionExists.c.o  -o cmTC_6070f -rdynamic -lpthreads 
/usr/bin/ld: cannot find -lpthreads
collect2: error: ld returned 1 exit status
CMakeFiles/cmTC_6070f.dir/build.make:97: recipe for target 'cmTC_6070f' failed
make[1]: *** [cmTC_6070f] Error 1
make[1]: Leaving directory '/home/fitocuan/essex_ws/build/CMakeFiles/CMakeTmp'
Makefile:126: recipe for target 'cmTC_6070f/fast' failed
make: *** [cmTC_6070f/fast] Error 2


